<?xml version="1.0" encoding="UTF-8"?>
<!-- Generated by org.testng.reporters.JUnitReportReporter -->
<testsuite hostname="ETC1104026" name="Appium.Calculator" tests="1" failures="0" timestamp="4 Dec 2016 04:38:05 GMT" time="11.130" errors="0">
  <testcase name="testCal1" time="11.130" classname="Appium.Calculator"/>
</testsuite> <!-- Appium.Calculator -->
