<?xml version="1.0" encoding="UTF-8"?>
<!-- Generated by org.testng.reporters.JUnitReportReporter -->
<testsuite hostname="ETC1104026" name="Appium.NAB" tests="1" failures="0" timestamp="4 Dec 2016 13:35:44 GMT" time="31.043" errors="0">
  <testcase name="testCal2" time="31.043" classname="Appium.NAB"/>
</testsuite> <!-- Appium.NAB -->
